[debug] [2026-04-02T11:44:33.266Z] ----------------------------------------------------------------------
[debug] [2026-04-02T11:44:33.276Z] Command:       C:\Program Files\nodejs\node.exe C:\Users\attia\AppData\Roaming\npm\node_modules\firebase-tools\lib\bin\firebase.js deploy
[debug] [2026-04-02T11:44:33.277Z] CLI Version:   15.11.0
[debug] [2026-04-02T11:44:33.277Z] Platform:      win32
[debug] [2026-04-02T11:44:33.277Z] Node Version:  v20.11.1
[debug] [2026-04-02T11:44:33.278Z] Time:          Thu Apr 02 2026 13:44:33 GMT+0200 (Central European Summer Time)
[debug] [2026-04-02T11:44:33.278Z] ----------------------------------------------------------------------
[debug] 
[debug] [2026-04-02T11:44:48.140Z] > command requires scopes: ["email","openid","https://www.googleapis.com/auth/cloudplatformprojects.readonly","https://www.googleapis.com/auth/firebase","https://www.googleapis.com/auth/cloud-platform"]
[debug] [2026-04-02T11:44:48.141Z] > authorizing via signed-in user (ali@the-leadlab.com)
[debug] [2026-04-02T11:44:48.142Z] [iam] checking project cafe-la-place for permissions ["datastore.indexes.create","datastore.indexes.delete","datastore.indexes.list","datastore.indexes.update","firebase.projects.get","firebasehosting.sites.update"]
[debug] [2026-04-02T11:44:48.146Z] Checked if tokens are valid: true, expires at: 1775133845428
[debug] [2026-04-02T11:44:48.146Z] Checked if tokens are valid: true, expires at: 1775133845428
[debug] [2026-04-02T11:44:48.150Z] >>> [apiv2][query] POST https://cloudresourcemanager.googleapis.com/v1/projects/cafe-la-place:testIamPermissions [none]
[debug] [2026-04-02T11:44:48.150Z] >>> [apiv2][(partial)header] POST https://cloudresourcemanager.googleapis.com/v1/projects/cafe-la-place:testIamPermissions  x-goog-user-project=cafe-la-place
[debug] [2026-04-02T11:44:48.151Z] >>> [apiv2][body] POST https://cloudresourcemanager.googleapis.com/v1/projects/cafe-la-place:testIamPermissions {"permissions":["datastore.indexes.create","datastore.indexes.delete","datastore.indexes.list","datastore.indexes.update","firebase.projects.get","firebasehosting.sites.update"]}
[debug] [2026-04-02T11:44:48.606Z] <<< [apiv2][status] POST https://cloudresourcemanager.googleapis.com/v1/projects/cafe-la-place:testIamPermissions 200
[debug] [2026-04-02T11:44:48.606Z] <<< [apiv2][body] POST https://cloudresourcemanager.googleapis.com/v1/projects/cafe-la-place:testIamPermissions {"permissions":["datastore.indexes.create","datastore.indexes.delete","datastore.indexes.list","datastore.indexes.update","firebase.projects.get","firebasehosting.sites.update"]}
[debug] [2026-04-02T11:44:48.608Z] Checked if tokens are valid: true, expires at: 1775133845428
[debug] [2026-04-02T11:44:48.608Z] Checked if tokens are valid: true, expires at: 1775133845428
[debug] [2026-04-02T11:44:48.609Z] >>> [apiv2][query] GET https://firebase.googleapis.com/v1beta1/projects/cafe-la-place [none]
[debug] [2026-04-02T11:44:48.967Z] <<< [apiv2][status] GET https://firebase.googleapis.com/v1beta1/projects/cafe-la-place 200
[debug] [2026-04-02T11:44:48.967Z] <<< [apiv2][body] GET https://firebase.googleapis.com/v1beta1/projects/cafe-la-place {"projectId":"cafe-la-place","projectNumber":"212199909940","displayName":"Cafe la place","name":"projects/cafe-la-place","resources":{"hostingSite":"cafe-la-place"},"state":"ACTIVE","etag":"1_c0c4fc64-3ff9-4767-8238-15827d588bc9"}
[info] 
[info] === Deploying to 'cafe-la-place'...
[info] 
[info] i  deploying firestore, hosting 
[info] i  firestore: ensuring required API firestore.googleapis.com is enabled... 
[info] i  firestore: ensuring required API firestore.googleapis.com is enabled... 
[debug] [2026-04-02T11:44:48.984Z] Checked if tokens are valid: true, expires at: 1775133845428
[debug] [2026-04-02T11:44:48.985Z] Checked if tokens are valid: true, expires at: 1775133845428
[debug] [2026-04-02T11:44:48.986Z] >>> [apiv2][query] GET https://firestore.googleapis.com/v1/projects/cafe-la-place/databases/(default) [none]
[debug] [2026-04-02T11:44:49.803Z] <<< [apiv2][status] GET https://firestore.googleapis.com/v1/projects/cafe-la-place/databases/(default) 200
[debug] [2026-04-02T11:44:49.804Z] <<< [apiv2][body] GET https://firestore.googleapis.com/v1/projects/cafe-la-place/databases/(default) {"name":"projects/cafe-la-place/databases/(default)","uid":"25719bdb-e25b-4cb8-bf8e-e7206d857f2c","createTime":"2026-03-26T13:26:32.633410Z","updateTime":"2026-03-26T13:26:32.633410Z","locationId":"nam5","type":"FIRESTORE_NATIVE","concurrencyMode":"PESSIMISTIC","versionRetentionPeriod":"3600s","earliestVersionTime":"2026-04-02T10:44:50.298015Z","appEngineIntegrationMode":"DISABLED","keyPrefix":"s","pointInTimeRecoveryEnablement":"POINT_IN_TIME_RECOVERY_DISABLED","deleteProtectionState":"DELETE_PROTECTION_DISABLED","databaseEdition":"STANDARD","freeTier":true,"realtimeUpdatesMode":"REALTIME_UPDATES_MODE_ENABLED","etag":"IJW1iNOLz5MDMMOa/avVvZMD"}
[info] i  firestore: reading indexes from firestore.indexes.json... 
[info] i  cloud.firestore: checking financial-tracker/firestore.rules for compilation errors... 
[debug] [2026-04-02T11:44:49.813Z] Checked if tokens are valid: true, expires at: 1775133845428
[debug] [2026-04-02T11:44:49.813Z] Checked if tokens are valid: true, expires at: 1775133845428
[debug] [2026-04-02T11:44:49.814Z] >>> [apiv2][query] POST https://firebaserules.googleapis.com/v1/projects/cafe-la-place:test [none]
[debug] [2026-04-02T11:44:49.814Z] >>> [apiv2][body] POST https://firebaserules.googleapis.com/v1/projects/cafe-la-place:test [omitted]
[debug] [2026-04-02T11:44:50.225Z] <<< [apiv2][status] POST https://firebaserules.googleapis.com/v1/projects/cafe-la-place:test 200
[debug] [2026-04-02T11:44:50.226Z] <<< [apiv2][body] POST https://firebaserules.googleapis.com/v1/projects/cafe-la-place:test {}
[info] +  cloud.firestore: rules file financial-tracker/firestore.rules compiled successfully 
[debug] [2026-04-02T11:44:50.239Z] Checked if tokens are valid: true, expires at: 1775133845428
[debug] [2026-04-02T11:44:50.240Z] Checked if tokens are valid: true, expires at: 1775133845428
[debug] [2026-04-02T11:44:50.240Z] >>> [apiv2][query] POST https://firebasehosting.googleapis.com/v1beta1/projects/-/sites/cafe-la-place/versions [none]
[debug] [2026-04-02T11:44:50.241Z] >>> [apiv2][body] POST https://firebasehosting.googleapis.com/v1beta1/projects/-/sites/cafe-la-place/versions {"status":"CREATED","labels":{"deployment-tool":"cli-firebase"}}
[debug] [2026-04-02T11:44:52.081Z] <<< [apiv2][status] POST https://firebasehosting.googleapis.com/v1beta1/projects/-/sites/cafe-la-place/versions 200
[debug] [2026-04-02T11:44:52.082Z] <<< [apiv2][body] POST https://firebasehosting.googleapis.com/v1beta1/projects/-/sites/cafe-la-place/versions {"name":"projects/212199909940/sites/cafe-la-place/versions/98a506185b132d9c","status":"CREATED","config":{},"labels":{"deployment-tool":"cli-firebase"}}
[debug] [2026-04-02T11:44:52.083Z] Checked if tokens are valid: true, expires at: 1775133845428
[debug] [2026-04-02T11:44:52.084Z] Checked if tokens are valid: true, expires at: 1775133845428
[debug] [2026-04-02T11:44:52.087Z] >>> [apiv2][query] GET https://firebaserules.googleapis.com/v1/projects/cafe-la-place/releases pageSize=10&pageToken=
[debug] [2026-04-02T11:44:52.870Z] <<< [apiv2][status] GET https://firebaserules.googleapis.com/v1/projects/cafe-la-place/releases 200
[debug] [2026-04-02T11:44:52.871Z] <<< [apiv2][body] GET https://firebaserules.googleapis.com/v1/projects/cafe-la-place/releases {"releases":[{"name":"projects/cafe-la-place/releases/cloud.firestore","rulesetName":"projects/cafe-la-place/rulesets/874ab1e9-fc52-45b6-ab72-4ffafdd399a6","createTime":"2026-03-26T13:26:40.596937Z","updateTime":"2026-04-01T17:56:26.494864Z"}]}
[debug] [2026-04-02T11:44:52.872Z] Checked if tokens are valid: true, expires at: 1775133845428
[debug] [2026-04-02T11:44:52.872Z] Checked if tokens are valid: true, expires at: 1775133845428
[debug] [2026-04-02T11:44:52.872Z] >>> [apiv2][query] GET https://firebaserules.googleapis.com/v1/projects/cafe-la-place/rulesets/874ab1e9-fc52-45b6-ab72-4ffafdd399a6 [none]
[debug] [2026-04-02T11:44:53.177Z] <<< [apiv2][status] GET https://firebaserules.googleapis.com/v1/projects/cafe-la-place/rulesets/874ab1e9-fc52-45b6-ab72-4ffafdd399a6 200
[debug] [2026-04-02T11:44:53.177Z] <<< [apiv2][body] GET https://firebaserules.googleapis.com/v1/projects/cafe-la-place/rulesets/874ab1e9-fc52-45b6-ab72-4ffafdd399a6 [omitted]
[info] i  firestore: latest version of financial-tracker/firestore.rules already up to date, skipping upload... 
[info] i  firestore: deploying indexes... 
[debug] [2026-04-02T11:44:53.185Z] Checked if tokens are valid: true, expires at: 1775133845428
[debug] [2026-04-02T11:44:53.186Z] Checked if tokens are valid: true, expires at: 1775133845428
[debug] [2026-04-02T11:44:53.186Z] >>> [apiv2][query] GET https://firestore.googleapis.com/v1/projects/cafe-la-place/databases/(default)/collectionGroups/-/indexes [none]
[debug] [2026-04-02T11:44:53.403Z] <<< [apiv2][status] GET https://firestore.googleapis.com/v1/projects/cafe-la-place/databases/(default)/collectionGroups/-/indexes 200
[debug] [2026-04-02T11:44:53.404Z] <<< [apiv2][body] GET https://firestore.googleapis.com/v1/projects/cafe-la-place/databases/(default)/collectionGroups/-/indexes {"indexes":[{"name":"projects/cafe-la-place/databases/(default)/collectionGroups/documents/indexes/CICAgJim14AK","queryScope":"COLLECTION","fields":[{"fieldPath":"restaurantId","order":"ASCENDING"},{"fieldPath":"session_id","order":"ASCENDING"},{"fieldPath":"created_at","order":"DESCENDING"},{"fieldPath":"__name__","order":"DESCENDING"}],"state":"READY","density":"SPARSE_ALL"},{"name":"projects/cafe-la-place/databases/(default)/collectionGroups/clients/indexes/CICAgOjXh4EK","queryScope":"COLLECTION","fields":[{"fieldPath":"userId","order":"ASCENDING"},{"fieldPath":"createdAt","order":"DESCENDING"},{"fieldPath":"__name__","order":"DESCENDING"}],"state":"READY","density":"SPARSE_ALL"},{"name":"projects/cafe-la-place/databases/(default)/collectionGroups/pos_readings/indexes/CICAgJj7z4EK","queryScope":"COLLECTION","fields":[{"fieldPath":"restaurant_id","order":"ASCENDING"},{"fieldPath":"session_id","order":"ASCENDING"},{"fieldPath":"date","order":"DESCENDING"},{"fieldPath":"__name__","order":"DESCENDING"}],"state":"READY","density":"SPARSE_ALL"},{"name":"projects/cafe-la-place/databases/(default)/collectionGroups/pos_readings/indexes/CICAgJjF9oIK","queryScope":"COLLECTION","fields":[{"fieldPath":"restaurant_id","order":"ASCENDING"},{"fieldPath":"date","order":"DESCENDING"},{"fieldPath":"__name__","order":"DESCENDING"}],"state":"READY","density":"SPARSE_ALL"},{"name":"projects/cafe-la-place/databases/(default)/collectionGroups/sessions/indexes/CICAgJiUpoMK","queryScope":"COLLECTION","fields":[{"fieldPath":"restaurantId","order":"ASCENDING"},{"fieldPath":"createdAt","order":"DESCENDING"},{"fieldPath":"__name__","order":"DESCENDING"}],"state":"READY","density":"SPARSE_ALL"},{"name":"projects/cafe-la-place/databases/(default)/collectionGroups/documents/indexes/CICAgOi3kJAK","queryScope":"COLLECTION","fields":[{"fieldPath":"restaurantId","order":"ASCENDING"},{"fieldPath":"created_at","order":"DESCENDING"},{"fieldPath":"__name__","order":"DESCENDING"}],"state":"READY","density":"SPARSE_ALL"}]}
[debug] [2026-04-02T11:44:53.405Z] Checked if tokens are valid: true, expires at: 1775133845428
[debug] [2026-04-02T11:44:53.406Z] Checked if tokens are valid: true, expires at: 1775133845428
[debug] [2026-04-02T11:44:53.407Z] >>> [apiv2][query] GET https://firestore.googleapis.com/v1/projects/cafe-la-place/databases/(default)/collectionGroups/-/fields?filter=indexConfig.usesAncestorConfig=false OR ttlConfig:* [none]
[debug] [2026-04-02T11:44:53.595Z] <<< [apiv2][status] GET https://firestore.googleapis.com/v1/projects/cafe-la-place/databases/(default)/collectionGroups/-/fields?filter=indexConfig.usesAncestorConfig=false OR ttlConfig:* 200
[debug] [2026-04-02T11:44:53.596Z] <<< [apiv2][body] GET https://firestore.googleapis.com/v1/projects/cafe-la-place/databases/(default)/collectionGroups/-/fields?filter=indexConfig.usesAncestorConfig=false OR ttlConfig:* {"fields":[{"name":"projects/cafe-la-place/databases/(default)/collectionGroups/__default__/fields/*","indexConfig":{"indexes":[{"queryScope":"COLLECTION","fields":[{"fieldPath":"*","order":"ASCENDING"}],"state":"READY"},{"queryScope":"COLLECTION","fields":[{"fieldPath":"*","order":"DESCENDING"}],"state":"READY"},{"queryScope":"COLLECTION","fields":[{"fieldPath":"*","arrayConfig":"CONTAINS"}],"state":"READY"}]}}]}
[debug] [2026-04-02T11:44:53.596Z] Checked if tokens are valid: true, expires at: 1775133845428
[debug] [2026-04-02T11:44:53.597Z] Checked if tokens are valid: true, expires at: 1775133845428
[debug] [2026-04-02T11:44:53.597Z] >>> [apiv2][query] GET https://firestore.googleapis.com/v1/projects/cafe-la-place/databases/(default) [none]
[debug] [2026-04-02T11:44:53.763Z] <<< [apiv2][status] GET https://firestore.googleapis.com/v1/projects/cafe-la-place/databases/(default) 200
[debug] [2026-04-02T11:44:53.763Z] <<< [apiv2][body] GET https://firestore.googleapis.com/v1/projects/cafe-la-place/databases/(default) {"name":"projects/cafe-la-place/databases/(default)","uid":"25719bdb-e25b-4cb8-bf8e-e7206d857f2c","createTime":"2026-03-26T13:26:32.633410Z","updateTime":"2026-03-26T13:26:32.633410Z","locationId":"nam5","type":"FIRESTORE_NATIVE","concurrencyMode":"PESSIMISTIC","versionRetentionPeriod":"3600s","earliestVersionTime":"2026-04-02T10:44:54.238099Z","appEngineIntegrationMode":"DISABLED","keyPrefix":"s","pointInTimeRecoveryEnablement":"POINT_IN_TIME_RECOVERY_DISABLED","deleteProtectionState":"DELETE_PROTECTION_DISABLED","databaseEdition":"STANDARD","freeTier":true,"realtimeUpdatesMode":"REALTIME_UPDATES_MODE_ENABLED","etag":"ILbz+NSLz5MDMMOa/avVvZMD"}
[info] i  firestore: The following indexes are defined in your project but are not present in your firestore indexes file:
	(sessions) -- (restaurantId,ASCENDING) (createdAt,DESCENDING)  -- Density:SPARSE_ALL  
